[2024-04-03 13:08:04] local.ERROR: Cron: : Exception in sync_tanent_report  : Company Id :1, : Date :2024-04-03, BadMethodCallException: Method App\Http\Controllers\CustomerController::render does not exist. in D:\projects\Analytics-App\web-app\backend\vendor\laravel\framework\src\Illuminate\Routing\Controller.php:68
Stack trace:
#0 D:\projects\Analytics-App\web-app\backend\app\Console\Commands\sync_customer_report.php(37): Illuminate\Routing\Controller->__call('render', Array)
#1 D:\projects\Analytics-App\web-app\backend\vendor\laravel\framework\src\Illuminate\Container\BoundMethod.php(36): App\Console\Commands\sync_customer_report->handle()
#2 D:\projects\Analytics-App\web-app\backend\vendor\laravel\framework\src\Illuminate\Container\Util.php(41): Illuminate\Container\BoundMethod::Illuminate\Container\{closure}()
#3 D:\projects\Analytics-App\web-app\backend\vendor\laravel\framework\src\Illuminate\Container\BoundMethod.php(93): Illuminate\Container\Util::unwrapIfClosure(Object(Closure))
#4 D:\projects\Analytics-App\web-app\backend\vendor\laravel\framework\src\Illuminate\Container\BoundMethod.php(37): Illuminate\Container\BoundMethod::callBoundMethod(Object(Illuminate\Foundation\Application), Array, Object(Closure))
#5 D:\projects\Analytics-App\web-app\backend\vendor\laravel\framework\src\Illuminate\Container\Container.php(651): Illuminate\Container\BoundMethod::call(Object(Illuminate\Foundation\Application), Array, Array, NULL)
#6 D:\projects\Analytics-App\web-app\backend\vendor\laravel\framework\src\Illuminate\Console\Command.php(144): Illuminate\Container\Container->call(Array)
#7 D:\projects\Analytics-App\web-app\backend\vendor\symfony\console\Command\Command.php(308): Illuminate\Console\Command->execute(Object(Symfony\Component\Console\Input\ArgvInput), Object(Illuminate\Console\OutputStyle))
#8 D:\projects\Analytics-App\web-app\backend\vendor\laravel\framework\src\Illuminate\Console\Command.php(126): Symfony\Component\Console\Command\Command->run(Object(Symfony\Component\Console\Input\ArgvInput), Object(Illuminate\Console\OutputStyle))
#9 D:\projects\Analytics-App\web-app\backend\vendor\symfony\console\Application.php(1002): Illuminate\Console\Command->run(Object(Symfony\Component\Console\Input\ArgvInput), Object(Symfony\Component\Console\Output\ConsoleOutput))
#10 D:\projects\Analytics-App\web-app\backend\vendor\symfony\console\Application.php(299): Symfony\Component\Console\Application->doRunCommand(Object(App\Console\Commands\sync_customer_report), Object(Symfony\Component\Console\Input\ArgvInput), Object(Symfony\Component\Console\Output\ConsoleOutput))
#11 D:\projects\Analytics-App\web-app\backend\vendor\symfony\console\Application.php(171): Symfony\Component\Console\Application->doRun(Object(Symfony\Component\Console\Input\ArgvInput), Object(Symfony\Component\Console\Output\ConsoleOutput))
#12 D:\projects\Analytics-App\web-app\backend\vendor\laravel\framework\src\Illuminate\Console\Application.php(102): Symfony\Component\Console\Application->run(Object(Symfony\Component\Console\Input\ArgvInput), Object(Symfony\Component\Console\Output\ConsoleOutput))
#13 D:\projects\Analytics-App\web-app\backend\vendor\laravel\framework\src\Illuminate\Foundation\Console\Kernel.php(151): Illuminate\Console\Application->run(Object(Symfony\Component\Console\Input\ArgvInput), Object(Symfony\Component\Console\Output\ConsoleOutput))
#14 D:\projects\Analytics-App\web-app\backend\artisan(37): Illuminate\Foundation\Console\Kernel->handle(Object(Symfony\Component\Console\Input\ArgvInput), Object(Symfony\Component\Console\Output\ConsoleOutput))
#15 {main}  
[2024-04-03 13:09:03] local.ERROR: Cron: : Exception in sync_tanent_report  : Company Id :1, : Date :2024-04-03, BadMethodCallException: Method App\Http\Controllers\CustomerController::render does not exist. in D:\projects\Analytics-App\web-app\backend\vendor\laravel\framework\src\Illuminate\Routing\Controller.php:68
Stack trace:
#0 D:\projects\Analytics-App\web-app\backend\app\Console\Commands\sync_customer_report.php(37): Illuminate\Routing\Controller->__call('render', Array)
#1 D:\projects\Analytics-App\web-app\backend\vendor\laravel\framework\src\Illuminate\Container\BoundMethod.php(36): App\Console\Commands\sync_customer_report->handle()
#2 D:\projects\Analytics-App\web-app\backend\vendor\laravel\framework\src\Illuminate\Container\Util.php(41): Illuminate\Container\BoundMethod::Illuminate\Container\{closure}()
#3 D:\projects\Analytics-App\web-app\backend\vendor\laravel\framework\src\Illuminate\Container\BoundMethod.php(93): Illuminate\Container\Util::unwrapIfClosure(Object(Closure))
#4 D:\projects\Analytics-App\web-app\backend\vendor\laravel\framework\src\Illuminate\Container\BoundMethod.php(37): Illuminate\Container\BoundMethod::callBoundMethod(Object(Illuminate\Foundation\Application), Array, Object(Closure))
#5 D:\projects\Analytics-App\web-app\backend\vendor\laravel\framework\src\Illuminate\Container\Container.php(651): Illuminate\Container\BoundMethod::call(Object(Illuminate\Foundation\Application), Array, Array, NULL)
#6 D:\projects\Analytics-App\web-app\backend\vendor\laravel\framework\src\Illuminate\Console\Command.php(144): Illuminate\Container\Container->call(Array)
#7 D:\projects\Analytics-App\web-app\backend\vendor\symfony\console\Command\Command.php(308): Illuminate\Console\Command->execute(Object(Symfony\Component\Console\Input\ArgvInput), Object(Illuminate\Console\OutputStyle))
#8 D:\projects\Analytics-App\web-app\backend\vendor\laravel\framework\src\Illuminate\Console\Command.php(126): Symfony\Component\Console\Command\Command->run(Object(Symfony\Component\Console\Input\ArgvInput), Object(Illuminate\Console\OutputStyle))
#9 D:\projects\Analytics-App\web-app\backend\vendor\symfony\console\Application.php(1002): Illuminate\Console\Command->run(Object(Symfony\Component\Console\Input\ArgvInput), Object(Symfony\Component\Console\Output\ConsoleOutput))
#10 D:\projects\Analytics-App\web-app\backend\vendor\symfony\console\Application.php(299): Symfony\Component\Console\Application->doRunCommand(Object(App\Console\Commands\sync_customer_report), Object(Symfony\Component\Console\Input\ArgvInput), Object(Symfony\Component\Console\Output\ConsoleOutput))
#11 D:\projects\Analytics-App\web-app\backend\vendor\symfony\console\Application.php(171): Symfony\Component\Console\Application->doRun(Object(Symfony\Component\Console\Input\ArgvInput), Object(Symfony\Component\Console\Output\ConsoleOutput))
#12 D:\projects\Analytics-App\web-app\backend\vendor\laravel\framework\src\Illuminate\Console\Application.php(102): Symfony\Component\Console\Application->run(Object(Symfony\Component\Console\Input\ArgvInput), Object(Symfony\Component\Console\Output\ConsoleOutput))
#13 D:\projects\Analytics-App\web-app\backend\vendor\laravel\framework\src\Illuminate\Foundation\Console\Kernel.php(151): Illuminate\Console\Application->run(Object(Symfony\Component\Console\Input\ArgvInput), Object(Symfony\Component\Console\Output\ConsoleOutput))
#14 D:\projects\Analytics-App\web-app\backend\artisan(37): Illuminate\Foundation\Console\Kernel->handle(Object(Symfony\Component\Console\Input\ArgvInput), Object(Symfony\Component\Console\Output\ConsoleOutput))
#15 {main}  
[2024-04-03 13:10:03] local.ERROR: Cron: : Exception in sync_tanent_report  : Company Id :1, : Date :2024-04-03, BadMethodCallException: Method App\Http\Controllers\CustomerController::render does not exist. in D:\projects\Analytics-App\web-app\backend\vendor\laravel\framework\src\Illuminate\Routing\Controller.php:68
Stack trace:
#0 D:\projects\Analytics-App\web-app\backend\app\Console\Commands\sync_customer_report.php(37): Illuminate\Routing\Controller->__call('render', Array)
#1 D:\projects\Analytics-App\web-app\backend\vendor\laravel\framework\src\Illuminate\Container\BoundMethod.php(36): App\Console\Commands\sync_customer_report->handle()
#2 D:\projects\Analytics-App\web-app\backend\vendor\laravel\framework\src\Illuminate\Container\Util.php(41): Illuminate\Container\BoundMethod::Illuminate\Container\{closure}()
#3 D:\projects\Analytics-App\web-app\backend\vendor\laravel\framework\src\Illuminate\Container\BoundMethod.php(93): Illuminate\Container\Util::unwrapIfClosure(Object(Closure))
#4 D:\projects\Analytics-App\web-app\backend\vendor\laravel\framework\src\Illuminate\Container\BoundMethod.php(37): Illuminate\Container\BoundMethod::callBoundMethod(Object(Illuminate\Foundation\Application), Array, Object(Closure))
#5 D:\projects\Analytics-App\web-app\backend\vendor\laravel\framework\src\Illuminate\Container\Container.php(651): Illuminate\Container\BoundMethod::call(Object(Illuminate\Foundation\Application), Array, Array, NULL)
#6 D:\projects\Analytics-App\web-app\backend\vendor\laravel\framework\src\Illuminate\Console\Command.php(144): Illuminate\Container\Container->call(Array)
#7 D:\projects\Analytics-App\web-app\backend\vendor\symfony\console\Command\Command.php(308): Illuminate\Console\Command->execute(Object(Symfony\Component\Console\Input\ArgvInput), Object(Illuminate\Console\OutputStyle))
#8 D:\projects\Analytics-App\web-app\backend\vendor\laravel\framework\src\Illuminate\Console\Command.php(126): Symfony\Component\Console\Command\Command->run(Object(Symfony\Component\Console\Input\ArgvInput), Object(Illuminate\Console\OutputStyle))
#9 D:\projects\Analytics-App\web-app\backend\vendor\symfony\console\Application.php(1002): Illuminate\Console\Command->run(Object(Symfony\Component\Console\Input\ArgvInput), Object(Symfony\Component\Console\Output\ConsoleOutput))
#10 D:\projects\Analytics-App\web-app\backend\vendor\symfony\console\Application.php(299): Symfony\Component\Console\Application->doRunCommand(Object(App\Console\Commands\sync_customer_report), Object(Symfony\Component\Console\Input\ArgvInput), Object(Symfony\Component\Console\Output\ConsoleOutput))
#11 D:\projects\Analytics-App\web-app\backend\vendor\symfony\console\Application.php(171): Symfony\Component\Console\Application->doRun(Object(Symfony\Component\Console\Input\ArgvInput), Object(Symfony\Component\Console\Output\ConsoleOutput))
#12 D:\projects\Analytics-App\web-app\backend\vendor\laravel\framework\src\Illuminate\Console\Application.php(102): Symfony\Component\Console\Application->run(Object(Symfony\Component\Console\Input\ArgvInput), Object(Symfony\Component\Console\Output\ConsoleOutput))
#13 D:\projects\Analytics-App\web-app\backend\vendor\laravel\framework\src\Illuminate\Foundation\Console\Kernel.php(151): Illuminate\Console\Application->run(Object(Symfony\Component\Console\Input\ArgvInput), Object(Symfony\Component\Console\Output\ConsoleOutput))
#14 D:\projects\Analytics-App\web-app\backend\artisan(37): Illuminate\Foundation\Console\Kernel->handle(Object(Symfony\Component\Console\Input\ArgvInput), Object(Symfony\Component\Console\Output\ConsoleOutput))
#15 {main}  
[2024-04-03 13:11:04] local.ERROR: Cron: : Exception in sync_tanent_report  : Company Id :1, : Date :2024-04-03, BadMethodCallException: Method App\Http\Controllers\CustomerController::render does not exist. in D:\projects\Analytics-App\web-app\backend\vendor\laravel\framework\src\Illuminate\Routing\Controller.php:68
Stack trace:
#0 D:\projects\Analytics-App\web-app\backend\app\Console\Commands\sync_customer_report.php(37): Illuminate\Routing\Controller->__call('render', Array)
#1 D:\projects\Analytics-App\web-app\backend\vendor\laravel\framework\src\Illuminate\Container\BoundMethod.php(36): App\Console\Commands\sync_customer_report->handle()
#2 D:\projects\Analytics-App\web-app\backend\vendor\laravel\framework\src\Illuminate\Container\Util.php(41): Illuminate\Container\BoundMethod::Illuminate\Container\{closure}()
#3 D:\projects\Analytics-App\web-app\backend\vendor\laravel\framework\src\Illuminate\Container\BoundMethod.php(93): Illuminate\Container\Util::unwrapIfClosure(Object(Closure))
#4 D:\projects\Analytics-App\web-app\backend\vendor\laravel\framework\src\Illuminate\Container\BoundMethod.php(37): Illuminate\Container\BoundMethod::callBoundMethod(Object(Illuminate\Foundation\Application), Array, Object(Closure))
#5 D:\projects\Analytics-App\web-app\backend\vendor\laravel\framework\src\Illuminate\Container\Container.php(651): Illuminate\Container\BoundMethod::call(Object(Illuminate\Foundation\Application), Array, Array, NULL)
#6 D:\projects\Analytics-App\web-app\backend\vendor\laravel\framework\src\Illuminate\Console\Command.php(144): Illuminate\Container\Container->call(Array)
#7 D:\projects\Analytics-App\web-app\backend\vendor\symfony\console\Command\Command.php(308): Illuminate\Console\Command->execute(Object(Symfony\Component\Console\Input\ArgvInput), Object(Illuminate\Console\OutputStyle))
#8 D:\projects\Analytics-App\web-app\backend\vendor\laravel\framework\src\Illuminate\Console\Command.php(126): Symfony\Component\Console\Command\Command->run(Object(Symfony\Component\Console\Input\ArgvInput), Object(Illuminate\Console\OutputStyle))
#9 D:\projects\Analytics-App\web-app\backend\vendor\symfony\console\Application.php(1002): Illuminate\Console\Command->run(Object(Symfony\Component\Console\Input\ArgvInput), Object(Symfony\Component\Console\Output\ConsoleOutput))
#10 D:\projects\Analytics-App\web-app\backend\vendor\symfony\console\Application.php(299): Symfony\Component\Console\Application->doRunCommand(Object(App\Console\Commands\sync_customer_report), Object(Symfony\Component\Console\Input\ArgvInput), Object(Symfony\Component\Console\Output\ConsoleOutput))
#11 D:\projects\Analytics-App\web-app\backend\vendor\symfony\console\Application.php(171): Symfony\Component\Console\Application->doRun(Object(Symfony\Component\Console\Input\ArgvInput), Object(Symfony\Component\Console\Output\ConsoleOutput))
#12 D:\projects\Analytics-App\web-app\backend\vendor\laravel\framework\src\Illuminate\Console\Application.php(102): Symfony\Component\Console\Application->run(Object(Symfony\Component\Console\Input\ArgvInput), Object(Symfony\Component\Console\Output\ConsoleOutput))
#13 D:\projects\Analytics-App\web-app\backend\vendor\laravel\framework\src\Illuminate\Foundation\Console\Kernel.php(151): Illuminate\Console\Application->run(Object(Symfony\Component\Console\Input\ArgvInput), Object(Symfony\Component\Console\Output\ConsoleOutput))
#14 D:\projects\Analytics-App\web-app\backend\artisan(37): Illuminate\Foundation\Console\Kernel->handle(Object(Symfony\Component\Console\Input\ArgvInput), Object(Symfony\Component\Console\Output\ConsoleOutput))
#15 {main}  
[2024-04-03 13:11:58] local.ERROR: Cron: : Exception in sync_tanent_report  : Company Id :1, : Date :2024-04-03, BadMethodCallException: Method App\Http\Controllers\CustomerController::render does not exist. in D:\projects\Analytics-App\web-app\backend\vendor\laravel\framework\src\Illuminate\Routing\Controller.php:68
Stack trace:
#0 D:\projects\Analytics-App\web-app\backend\app\Console\Commands\sync_customer_report.php(37): Illuminate\Routing\Controller->__call('render', Array)
#1 D:\projects\Analytics-App\web-app\backend\vendor\laravel\framework\src\Illuminate\Container\BoundMethod.php(36): App\Console\Commands\sync_customer_report->handle()
#2 D:\projects\Analytics-App\web-app\backend\vendor\laravel\framework\src\Illuminate\Container\Util.php(41): Illuminate\Container\BoundMethod::Illuminate\Container\{closure}()
#3 D:\projects\Analytics-App\web-app\backend\vendor\laravel\framework\src\Illuminate\Container\BoundMethod.php(93): Illuminate\Container\Util::unwrapIfClosure(Object(Closure))
#4 D:\projects\Analytics-App\web-app\backend\vendor\laravel\framework\src\Illuminate\Container\BoundMethod.php(37): Illuminate\Container\BoundMethod::callBoundMethod(Object(Illuminate\Foundation\Application), Array, Object(Closure))
#5 D:\projects\Analytics-App\web-app\backend\vendor\laravel\framework\src\Illuminate\Container\Container.php(651): Illuminate\Container\BoundMethod::call(Object(Illuminate\Foundation\Application), Array, Array, NULL)
#6 D:\projects\Analytics-App\web-app\backend\vendor\laravel\framework\src\Illuminate\Console\Command.php(144): Illuminate\Container\Container->call(Array)
#7 D:\projects\Analytics-App\web-app\backend\vendor\symfony\console\Command\Command.php(308): Illuminate\Console\Command->execute(Object(Symfony\Component\Console\Input\ArgvInput), Object(Illuminate\Console\OutputStyle))
#8 D:\projects\Analytics-App\web-app\backend\vendor\laravel\framework\src\Illuminate\Console\Command.php(126): Symfony\Component\Console\Command\Command->run(Object(Symfony\Component\Console\Input\ArgvInput), Object(Illuminate\Console\OutputStyle))
#9 D:\projects\Analytics-App\web-app\backend\vendor\symfony\console\Application.php(1002): Illuminate\Console\Command->run(Object(Symfony\Component\Console\Input\ArgvInput), Object(Symfony\Component\Console\Output\ConsoleOutput))
#10 D:\projects\Analytics-App\web-app\backend\vendor\symfony\console\Application.php(299): Symfony\Component\Console\Application->doRunCommand(Object(App\Console\Commands\sync_customer_report), Object(Symfony\Component\Console\Input\ArgvInput), Object(Symfony\Component\Console\Output\ConsoleOutput))
#11 D:\projects\Analytics-App\web-app\backend\vendor\symfony\console\Application.php(171): Symfony\Component\Console\Application->doRun(Object(Symfony\Component\Console\Input\ArgvInput), Object(Symfony\Component\Console\Output\ConsoleOutput))
#12 D:\projects\Analytics-App\web-app\backend\vendor\laravel\framework\src\Illuminate\Console\Application.php(102): Symfony\Component\Console\Application->run(Object(Symfony\Component\Console\Input\ArgvInput), Object(Symfony\Component\Console\Output\ConsoleOutput))
#13 D:\projects\Analytics-App\web-app\backend\vendor\laravel\framework\src\Illuminate\Foundation\Console\Kernel.php(151): Illuminate\Console\Application->run(Object(Symfony\Component\Console\Input\ArgvInput), Object(Symfony\Component\Console\Output\ConsoleOutput))
#14 D:\projects\Analytics-App\web-app\backend\artisan(37): Illuminate\Foundation\Console\Kernel->handle(Object(Symfony\Component\Console\Input\ArgvInput), Object(Symfony\Component\Console\Output\ConsoleOutput))
#15 {main}  
[2024-04-03 13:12:04] local.ERROR: Cron: : Exception in sync_tanent_report  : Company Id :1, : Date :2024-04-03, BadMethodCallException: Method App\Http\Controllers\CustomerController::render does not exist. in D:\projects\Analytics-App\web-app\backend\vendor\laravel\framework\src\Illuminate\Routing\Controller.php:68
Stack trace:
#0 D:\projects\Analytics-App\web-app\backend\app\Console\Commands\sync_customer_report.php(37): Illuminate\Routing\Controller->__call('render', Array)
#1 D:\projects\Analytics-App\web-app\backend\vendor\laravel\framework\src\Illuminate\Container\BoundMethod.php(36): App\Console\Commands\sync_customer_report->handle()
#2 D:\projects\Analytics-App\web-app\backend\vendor\laravel\framework\src\Illuminate\Container\Util.php(41): Illuminate\Container\BoundMethod::Illuminate\Container\{closure}()
#3 D:\projects\Analytics-App\web-app\backend\vendor\laravel\framework\src\Illuminate\Container\BoundMethod.php(93): Illuminate\Container\Util::unwrapIfClosure(Object(Closure))
#4 D:\projects\Analytics-App\web-app\backend\vendor\laravel\framework\src\Illuminate\Container\BoundMethod.php(37): Illuminate\Container\BoundMethod::callBoundMethod(Object(Illuminate\Foundation\Application), Array, Object(Closure))
#5 D:\projects\Analytics-App\web-app\backend\vendor\laravel\framework\src\Illuminate\Container\Container.php(651): Illuminate\Container\BoundMethod::call(Object(Illuminate\Foundation\Application), Array, Array, NULL)
#6 D:\projects\Analytics-App\web-app\backend\vendor\laravel\framework\src\Illuminate\Console\Command.php(144): Illuminate\Container\Container->call(Array)
#7 D:\projects\Analytics-App\web-app\backend\vendor\symfony\console\Command\Command.php(308): Illuminate\Console\Command->execute(Object(Symfony\Component\Console\Input\ArgvInput), Object(Illuminate\Console\OutputStyle))
#8 D:\projects\Analytics-App\web-app\backend\vendor\laravel\framework\src\Illuminate\Console\Command.php(126): Symfony\Component\Console\Command\Command->run(Object(Symfony\Component\Console\Input\ArgvInput), Object(Illuminate\Console\OutputStyle))
#9 D:\projects\Analytics-App\web-app\backend\vendor\symfony\console\Application.php(1002): Illuminate\Console\Command->run(Object(Symfony\Component\Console\Input\ArgvInput), Object(Symfony\Component\Console\Output\ConsoleOutput))
#10 D:\projects\Analytics-App\web-app\backend\vendor\symfony\console\Application.php(299): Symfony\Component\Console\Application->doRunCommand(Object(App\Console\Commands\sync_customer_report), Object(Symfony\Component\Console\Input\ArgvInput), Object(Symfony\Component\Console\Output\ConsoleOutput))
#11 D:\projects\Analytics-App\web-app\backend\vendor\symfony\console\Application.php(171): Symfony\Component\Console\Application->doRun(Object(Symfony\Component\Console\Input\ArgvInput), Object(Symfony\Component\Console\Output\ConsoleOutput))
#12 D:\projects\Analytics-App\web-app\backend\vendor\laravel\framework\src\Illuminate\Console\Application.php(102): Symfony\Component\Console\Application->run(Object(Symfony\Component\Console\Input\ArgvInput), Object(Symfony\Component\Console\Output\ConsoleOutput))
#13 D:\projects\Analytics-App\web-app\backend\vendor\laravel\framework\src\Illuminate\Foundation\Console\Kernel.php(151): Illuminate\Console\Application->run(Object(Symfony\Component\Console\Input\ArgvInput), Object(Symfony\Component\Console\Output\ConsoleOutput))
#14 D:\projects\Analytics-App\web-app\backend\artisan(37): Illuminate\Foundation\Console\Kernel->handle(Object(Symfony\Component\Console\Input\ArgvInput), Object(Symfony\Component\Console\Output\ConsoleOutput))
#15 {main}  
[2024-04-23 19:49:10] production.ERROR: Cron: Analytics: Exception in sync_tanent_report  : Company Id :1, : Date :2024-04-23, ErrorException: include(D:\projects\cloud-connecter\src\vendor\composer/../../app/Http/Controllers/CustomerReportController.php): Failed to open stream: No such file or directory in D:\projects\cloud-connecter\src\vendor\composer\ClassLoader.php:571
Stack trace:
#0 D:\projects\cloud-connecter\src\vendor\laravel\framework\src\Illuminate\Foundation\Bootstrap\HandleExceptions.php(270): Illuminate\Foundation\Bootstrap\HandleExceptions->handleError(2, 'include(D:\\proj...', 'D:\\projects\\clo...', 571)
#1 D:\projects\cloud-connecter\src\vendor\composer\ClassLoader.php(571): Illuminate\Foundation\Bootstrap\HandleExceptions->Illuminate\Foundation\Bootstrap\{closure}(2, 'include(D:\\proj...', 'D:\\projects\\clo...', 571)
#2 D:\projects\cloud-connecter\src\vendor\composer\ClassLoader.php(571): include('D:\\projects\\clo...')
#3 D:\projects\cloud-connecter\src\vendor\composer\ClassLoader.php(428): Composer\Autoload\includeFile('D:\\projects\\clo...')
#4 D:\projects\cloud-connecter\src\app\Console\Commands\sync_customer_report.php(37): Composer\Autoload\ClassLoader->loadClass('App\\Http\\Contro...')
#5 D:\projects\cloud-connecter\src\vendor\laravel\framework\src\Illuminate\Container\BoundMethod.php(36): App\Console\Commands\sync_customer_report->handle()
#6 D:\projects\cloud-connecter\src\vendor\laravel\framework\src\Illuminate\Container\Util.php(41): Illuminate\Container\BoundMethod::Illuminate\Container\{closure}()
#7 D:\projects\cloud-connecter\src\vendor\laravel\framework\src\Illuminate\Container\BoundMethod.php(93): Illuminate\Container\Util::unwrapIfClosure(Object(Closure))
#8 D:\projects\cloud-connecter\src\vendor\laravel\framework\src\Illuminate\Container\BoundMethod.php(37): Illuminate\Container\BoundMethod::callBoundMethod(Object(Illuminate\Foundation\Application), Array, Object(Closure))
#9 D:\projects\cloud-connecter\src\vendor\laravel\framework\src\Illuminate\Container\Container.php(661): Illuminate\Container\BoundMethod::call(Object(Illuminate\Foundation\Application), Array, Array, NULL)
#10 D:\projects\cloud-connecter\src\vendor\laravel\framework\src\Illuminate\Console\Command.php(183): Illuminate\Container\Container->call(Array)
#11 D:\projects\cloud-connecter\src\vendor\symfony\console\Command\Command.php(326): Illuminate\Console\Command->execute(Object(Symfony\Component\Console\Input\ArgvInput), Object(Illuminate\Console\OutputStyle))
#12 D:\projects\cloud-connecter\src\vendor\laravel\framework\src\Illuminate\Console\Command.php(153): Symfony\Component\Console\Command\Command->run(Object(Symfony\Component\Console\Input\ArgvInput), Object(Illuminate\Console\OutputStyle))
#13 D:\projects\cloud-connecter\src\vendor\symfony\console\Application.php(1078): Illuminate\Console\Command->run(Object(Symfony\Component\Console\Input\ArgvInput), Object(Symfony\Component\Console\Output\ConsoleOutput))
#14 D:\projects\cloud-connecter\src\vendor\symfony\console\Application.php(324): Symfony\Component\Console\Application->doRunCommand(Object(App\Console\Commands\sync_customer_report), Object(Symfony\Component\Console\Input\ArgvInput), Object(Symfony\Component\Console\Output\ConsoleOutput))
#15 D:\projects\cloud-connecter\src\vendor\symfony\console\Application.php(175): Symfony\Component\Console\Application->doRun(Object(Symfony\Component\Console\Input\ArgvInput), Object(Symfony\Component\Console\Output\ConsoleOutput))
#16 D:\projects\cloud-connecter\src\vendor\laravel\framework\src\Illuminate\Console\Application.php(102): Symfony\Component\Console\Application->run(Object(Symfony\Component\Console\Input\ArgvInput), Object(Symfony\Component\Console\Output\ConsoleOutput))
#17 D:\projects\cloud-connecter\src\vendor\laravel\framework\src\Illuminate\Foundation\Console\Kernel.php(155): Illuminate\Console\Application->run(Object(Symfony\Component\Console\Input\ArgvInput), Object(Symfony\Component\Console\Output\ConsoleOutput))
#18 D:\projects\cloud-connecter\src\artisan(37): Illuminate\Foundation\Console\Kernel->handle(Object(Symfony\Component\Console\Input\ArgvInput), Object(Symfony\Component\Console\Output\ConsoleOutput))
#19 {main}  
